<?xml version="1.0" encoding="UTF-8"?>
<coverage generated="1617016100789" clover="3.2.0">
  <project timestamp="1617016100789" name="All files">
    <metrics statements="46" coveredstatements="31" conditionals="18" coveredconditionals="15" methods="14" coveredmethods="9" elements="78" coveredelements="55" complexity="0" loc="46" ncloc="46" packages="2" files="4" classes="4"/>
    <package name="client">
      <metrics statements="36" coveredstatements="31" conditionals="16" coveredconditionals="15" methods="12" coveredmethods="9"/>
      <file name="game.jsx" path="D:\Ders\BS436_WebProgramlama\odev\ders05\kart\src\client\game.jsx">
        <metrics statements="31" coveredstatements="31" conditionals="16" coveredconditionals="15" methods="9" coveredmethods="9"/>
        <line num="5" count="4" type="stmt"/>
        <line num="6" count="4" type="stmt"/>
        <line num="12" count="4" type="stmt"/>
        <line num="15" count="4" type="stmt"/>
        <line num="16" count="24" type="stmt"/>
        <line num="28" count="4" type="stmt"/>
        <line num="29" count="73" type="stmt"/>
        <line num="31" count="73" type="cond" truecount="2" falsecount="0"/>
        <line num="32" count="39" type="stmt"/>
        <line num="35" count="34" type="cond" truecount="3" falsecount="1"/>
        <line num="36" count="34" type="stmt"/>
        <line num="39" count="34" type="cond" truecount="2" falsecount="0"/>
        <line num="40" count="9" type="stmt"/>
        <line num="41" count="9" type="stmt"/>
        <line num="44" count="25" type="stmt"/>
        <line num="45" count="25" type="cond" truecount="2" falsecount="0"/>
        <line num="46" count="12" type="stmt"/>
        <line num="49" count="13" type="stmt"/>
        <line num="59" count="62" type="cond" truecount="2" falsecount="0"/>
        <line num="60" count="4" type="stmt"/>
        <line num="62" count="58" type="stmt"/>
        <line num="64" count="58" type="cond" truecount="2" falsecount="0"/>
        <line num="65" count="9" type="stmt"/>
        <line num="76" count="49" type="cond" truecount="2" falsecount="0"/>
        <line num="77" count="12" type="stmt"/>
        <line num="86" count="37" type="stmt"/>
        <line num="87" count="37" type="stmt"/>
        <line num="88" count="37" type="stmt"/>
        <line num="91" count="61" type="stmt"/>
        <line num="92" count="7" type="stmt"/>
        <line num="93" count="5" type="stmt"/>
      </file>
      <file name="home.jsx" path="D:\Ders\BS436_WebProgramlama\odev\ders05\kart\src\client\home.jsx">
        <metrics statements="1" coveredstatements="0" conditionals="0" coveredconditionals="0" methods="1" coveredmethods="0"/>
        <line num="6" count="0" type="stmt"/>
      </file>
      <file name="index.jsx" path="D:\Ders\BS436_WebProgramlama\odev\ders05\kart\src\client\index.jsx">
        <metrics statements="4" coveredstatements="0" conditionals="0" coveredconditionals="0" methods="2" coveredmethods="0"/>
        <line num="10" count="0" type="stmt"/>
        <line num="11" count="0" type="stmt"/>
        <line num="26" count="0" type="stmt"/>
        <line num="39" count="0" type="stmt"/>
      </file>
    </package>
    <package name="server">
      <metrics statements="10" coveredstatements="0" conditionals="2" coveredconditionals="0" methods="2" coveredmethods="0"/>
      <file name="server.js" path="D:\Ders\BS436_WebProgramlama\odev\ders05\kart\src\server\server.js">
        <metrics statements="10" coveredstatements="0" conditionals="2" coveredconditionals="0" methods="2" coveredmethods="0"/>
        <line num="1" count="0" type="stmt"/>
        <line num="2" count="0" type="stmt"/>
        <line num="3" count="0" type="stmt"/>
        <line num="4" count="0" type="stmt"/>
        <line num="7" count="0" type="stmt"/>
        <line num="10" count="0" type="stmt"/>
        <line num="11" count="0" type="stmt"/>
        <line num="14" count="0" type="cond" truecount="0" falsecount="2"/>
        <line num="16" count="0" type="stmt"/>
        <line num="17" count="0" type="stmt"/>
      </file>
    </package>
  </project>
</coverage>
