{"D:\\Ders\\BS436_WebProgramlama\\odev\\ders05\\kart\\src\\client\\game.jsx": {"path":"D:\\Ders\\BS436_WebProgramlama\\odev\\ders05\\kart\\src\\client\\game.jsx","statementMap":{"0":{"start":{"line":5,"column":8},"end":{"line":5,"column":21}},"1":{"start":{"line":6,"column":8},"end":{"line":8,"column":9}},"2":{"start":{"line":12,"column":8},"end":{"line":12,"column":24}},"3":{"start":{"line":15,"column":15},"end":{"line":25,"column":5}},"4":{"start":{"line":16,"column":8},"end":{"line":24,"column":10}},"5":{"start":{"line":28,"column":14},"end":{"line":55,"column":5}},"6":{"start":{"line":29,"column":66},"end":{"line":29,"column":81}},"7":{"start":{"line":31,"column":8},"end":{"line":33,"column":9}},"8":{"start":{"line":32,"column":12},"end":{"line":32,"column":19}},"9":{"start":{"line":35,"column":8},"end":{"line":54,"column":9}},"10":{"start":{"line":36,"column":29},"end":{"line":36,"column":38}},"11":{"start":{"line":39,"column":12},"end":{"line":52,"column":13}},"12":{"start":{"line":40,"column":16},"end":{"line":40,"column":49}},"13":{"start":{"line":41,"column":16},"end":{"line":42,"column":37}},"14":{"start":{"line":44,"column":16},"end":{"line":44,"column":50}},"15":{"start":{"line":45,"column":16},"end":{"line":51,"column":17}},"16":{"start":{"line":46,"column":20},"end":{"line":47,"column":45}},"17":{"start":{"line":49,"column":20},"end":{"line":50,"column":46}},"18":{"start":{"line":49,"column":41},"end":{"line":50,"column":43}},"19":{"start":{"line":59,"column":8},"end":{"line":61,"column":9}},"20":{"start":{"line":60,"column":12},"end":{"line":60,"column":41}},"21":{"start":{"line":62,"column":25},"end":{"line":62,"column":35}},"22":{"start":{"line":64,"column":8},"end":{"line":75,"column":9}},"23":{"start":{"line":65,"column":12},"end":{"line":74,"column":13}},"24":{"start":{"line":76,"column":8},"end":{"line":85,"column":9}},"25":{"start":{"line":77,"column":12},"end":{"line":84,"column":13}},"26":{"start":{"line":86,"column":21},"end":{"line":86,"column":30}},"27":{"start":{"line":87,"column":27},"end":{"line":87,"column":64}},"28":{"start":{"line":88,"column":8},"end":{"line":95,"column":10}},"29":{"start":{"line":91,"column":66},"end":{"line":91,"column":81}},"30":{"start":{"line":92,"column":66},"end":{"line":92,"column":81}},"31":{"start":{"line":93,"column":66},"end":{"line":93,"column":81}}},"fnMap":{"0":{"name":"(anonymous_0)","decl":{"start":{"line":4,"column":4},"end":{"line":4,"column":5}},"loc":{"start":{"line":4,"column":23},"end":{"line":9,"column":5}},"line":4},"1":{"name":"(anonymous_1)","decl":{"start":{"line":11,"column":4},"end":{"line":11,"column":5}},"loc":{"start":{"line":11,"column":24},"end":{"line":13,"column":5}},"line":11},"2":{"name":"(anonymous_2)","decl":{"start":{"line":15,"column":15},"end":{"line":15,"column":16}},"loc":{"start":{"line":15,"column":21},"end":{"line":25,"column":5}},"line":15},"3":{"name":"(anonymous_3)","decl":{"start":{"line":28,"column":14},"end":{"line":28,"column":15}},"loc":{"start":{"line":28,"column":25},"end":{"line":55,"column":5}},"line":28},"4":{"name":"(anonymous_4)","decl":{"start":{"line":49,"column":34},"end":{"line":49,"column":35}},"loc":{"start":{"line":49,"column":41},"end":{"line":50,"column":43}},"line":49},"5":{"name":"(anonymous_5)","decl":{"start":{"line":58,"column":4},"end":{"line":58,"column":5}},"loc":{"start":{"line":58,"column":12},"end":{"line":96,"column":5}},"line":58},"6":{"name":"(anonymous_6)","decl":{"start":{"line":91,"column":61},"end":{"line":91,"column":62}},"loc":{"start":{"line":91,"column":65},"end":{"line":91,"column":82}},"line":91},"7":{"name":"(anonymous_7)","decl":{"start":{"line":92,"column":61},"end":{"line":92,"column":62}},"loc":{"start":{"line":92,"column":65},"end":{"line":92,"column":82}},"line":92},"8":{"name":"(anonymous_8)","decl":{"start":{"line":93,"column":61},"end":{"line":93,"column":62}},"loc":{"start":{"line":93,"column":65},"end":{"line":93,"column":82}},"line":93}},"branchMap":{"0":{"loc":{"start":{"line":31,"column":8},"end":{"line":33,"column":9}},"type":"if","locations":[{"start":{"line":31,"column":8},"end":{"line":33,"column":9}},{"start":{"line":31,"column":8},"end":{"line":33,"column":9}}],"line":31},"1":{"loc":{"start":{"line":35,"column":8},"end":{"line":54,"column":9}},"type":"if","locations":[{"start":{"line":35,"column":8},"end":{"line":54,"column":9}},{"start":{"line":35,"column":8},"end":{"line":54,"column":9}}],"line":35},"2":{"loc":{"start":{"line":35,"column":11},"end":{"line":35,"column":32}},"type":"binary-expr","locations":[{"start":{"line":35,"column":11},"end":{"line":35,"column":19}},{"start":{"line":35,"column":23},"end":{"line":35,"column":32}}],"line":35},"3":{"loc":{"start":{"line":39,"column":12},"end":{"line":52,"column":13}},"type":"if","locations":[{"start":{"line":39,"column":12},"end":{"line":52,"column":13}},{"start":{"line":39,"column":12},"end":{"line":52,"column":13}}],"line":39},"4":{"loc":{"start":{"line":45,"column":16},"end":{"line":51,"column":17}},"type":"if","locations":[{"start":{"line":45,"column":16},"end":{"line":51,"column":17}},{"start":{"line":45,"column":16},"end":{"line":51,"column":17}}],"line":45},"5":{"loc":{"start":{"line":59,"column":8},"end":{"line":61,"column":9}},"type":"if","locations":[{"start":{"line":59,"column":8},"end":{"line":61,"column":9}},{"start":{"line":59,"column":8},"end":{"line":61,"column":9}}],"line":59},"6":{"loc":{"start":{"line":64,"column":8},"end":{"line":75,"column":9}},"type":"if","locations":[{"start":{"line":64,"column":8},"end":{"line":75,"column":9}},{"start":{"line":64,"column":8},"end":{"line":75,"column":9}}],"line":64},"7":{"loc":{"start":{"line":76,"column":8},"end":{"line":85,"column":9}},"type":"if","locations":[{"start":{"line":76,"column":8},"end":{"line":85,"column":9}},{"start":{"line":76,"column":8},"end":{"line":85,"column":9}}],"line":76}},"s":{"0":4,"1":4,"2":4,"3":4,"4":24,"5":4,"6":73,"7":73,"8":39,"9":34,"10":34,"11":34,"12":9,"13":9,"14":25,"15":25,"16":12,"17":13,"18":13,"19":62,"20":4,"21":58,"22":58,"23":9,"24":49,"25":12,"26":37,"27":37,"28":37,"29":61,"30":7,"31":5},"f":{"0":4,"1":4,"2":24,"3":73,"4":13,"5":62,"6":61,"7":7,"8":5},"b":{"0":[39,34],"1":[34,0],"2":[34,34],"3":[9,25],"4":[12,13],"5":[4,58],"6":[9,49],"7":[12,37]},"_coverageSchema":"1a1c01bbd47fc00a2c39e90264f33305004495a9","hash":"0599d323eeca56816ea26e7cef99aa299394ec3d"}
,"D:\\Ders\\BS436_WebProgramlama\\odev\\ders05\\kart\\src\\client\\home.jsx": {"path":"D:\\Ders\\BS436_WebProgramlama\\odev\\ders05\\kart\\src\\client\\home.jsx","statementMap":{"0":{"start":{"line":6,"column":8},"end":{"line":17,"column":10}}},"fnMap":{"0":{"name":"(anonymous_0)","decl":{"start":{"line":5,"column":4},"end":{"line":5,"column":5}},"loc":{"start":{"line":5,"column":13},"end":{"line":18,"column":5}},"line":5}},"branchMap":{},"s":{"0":0},"f":{"0":0},"b":{}}
,"D:\\Ders\\BS436_WebProgramlama\\odev\\ders05\\kart\\src\\client\\index.jsx": {"path":"D:\\Ders\\BS436_WebProgramlama\\odev\\ders05\\kart\\src\\client\\index.jsx","statementMap":{"0":{"start":{"line":10,"column":17},"end":{"line":20,"column":1}},"1":{"start":{"line":11,"column":4},"end":{"line":19,"column":5}},"2":{"start":{"line":26,"column":7},"end":{"line":36,"column":8}},"3":{"start":{"line":39,"column":0},"end":{"line":39,"column":58}}},"fnMap":{"0":{"name":"(anonymous_0)","decl":{"start":{"line":10,"column":17},"end":{"line":10,"column":18}},"loc":{"start":{"line":10,"column":23},"end":{"line":20,"column":1}},"line":10},"1":{"name":"(anonymous_1)","decl":{"start":{"line":25,"column":3},"end":{"line":25,"column":4}},"loc":{"start":{"line":25,"column":12},"end":{"line":37,"column":4}},"line":25}},"branchMap":{},"s":{"0":0,"1":0,"2":0,"3":0},"f":{"0":0,"1":0},"b":{}}
,"D:\\Ders\\BS436_WebProgramlama\\odev\\ders05\\kart\\src\\server\\server.js": {"path":"D:\\Ders\\BS436_WebProgramlama\\odev\\ders05\\kart\\src\\server\\server.js","statementMap":{"0":{"start":{"line":1,"column":16},"end":{"line":1,"column":34}},"1":{"start":{"line":2,"column":19},"end":{"line":2,"column":41}},"2":{"start":{"line":3,"column":13},"end":{"line":3,"column":28}},"3":{"start":{"line":4,"column":12},"end":{"line":4,"column":21}},"4":{"start":{"line":7,"column":0},"end":{"line":7,"column":34}},"5":{"start":{"line":10,"column":0},"end":{"line":12,"column":3}},"6":{"start":{"line":11,"column":4},"end":{"line":11,"column":78}},"7":{"start":{"line":14,"column":13},"end":{"line":14,"column":37}},"8":{"start":{"line":16,"column":0},"end":{"line":18,"column":3}},"9":{"start":{"line":17,"column":4},"end":{"line":17,"column":50}}},"fnMap":{"0":{"name":"(anonymous_0)","decl":{"start":{"line":10,"column":8},"end":{"line":10,"column":9}},"loc":{"start":{"line":10,"column":28},"end":{"line":12,"column":1}},"line":10},"1":{"name":"(anonymous_1)","decl":{"start":{"line":16,"column":17},"end":{"line":16,"column":18}},"loc":{"start":{"line":16,"column":23},"end":{"line":18,"column":1}},"line":16}},"branchMap":{"0":{"loc":{"start":{"line":14,"column":13},"end":{"line":14,"column":37}},"type":"binary-expr","locations":[{"start":{"line":14,"column":13},"end":{"line":14,"column":29}},{"start":{"line":14,"column":33},"end":{"line":14,"column":37}}],"line":14}},"s":{"0":0,"1":0,"2":0,"3":0,"4":0,"5":0,"6":0,"7":0,"8":0,"9":0},"f":{"0":0,"1":0},"b":{"0":[0,0]}}
}
