TN:
SF:src\client\game.jsx
FN:4,(anonymous_0)
FN:11,(anonymous_1)
FN:15,(anonymous_2)
FN:28,(anonymous_3)
FN:49,(anonymous_4)
FN:58,(anonymous_5)
FN:91,(anonymous_6)
FN:92,(anonymous_7)
FN:93,(anonymous_8)
FNF:9
FNH:9
FNDA:4,(anonymous_0)
FNDA:4,(anonymous_1)
FNDA:24,(anonymous_2)
FNDA:73,(anonymous_3)
FNDA:13,(anonymous_4)
FNDA:62,(anonymous_5)
FNDA:61,(anonymous_6)
FNDA:7,(anonymous_7)
FNDA:5,(anonymous_8)
DA:5,4
DA:6,4
DA:12,4
DA:15,4
DA:16,24
DA:28,4
DA:29,73
DA:31,73
DA:32,39
DA:35,34
DA:36,34
DA:39,34
DA:40,9
DA:41,9
DA:44,25
DA:45,25
DA:46,12
DA:49,13
DA:59,62
DA:60,4
DA:62,58
DA:64,58
DA:65,9
DA:76,49
DA:77,12
DA:86,37
DA:87,37
DA:88,37
DA:91,61
DA:92,7
DA:93,5
LF:31
LH:31
BRDA:31,0,0,39
BRDA:31,0,1,34
BRDA:35,1,0,34
BRDA:35,1,1,0
BRDA:35,2,0,34
BRDA:35,2,1,34
BRDA:39,3,0,9
BRDA:39,3,1,25
BRDA:45,4,0,12
BRDA:45,4,1,13
BRDA:59,5,0,4
BRDA:59,5,1,58
BRDA:64,6,0,9
BRDA:64,6,1,49
BRDA:76,7,0,12
BRDA:76,7,1,37
BRF:16
BRH:15
end_of_record
TN:
SF:src\client\home.jsx
FN:5,(anonymous_0)
FNF:1
FNH:0
FNDA:0,(anonymous_0)
DA:6,0
LF:1
LH:0
BRF:0
BRH:0
end_of_record
TN:
SF:src\client\index.jsx
FN:10,(anonymous_0)
FN:25,(anonymous_1)
FNF:2
FNH:0
FNDA:0,(anonymous_0)
FNDA:0,(anonymous_1)
DA:10,0
DA:11,0
DA:26,0
DA:39,0
LF:4
LH:0
BRF:0
BRH:0
end_of_record
TN:
SF:src\server\server.js
FN:10,(anonymous_0)
FN:16,(anonymous_1)
FNF:2
FNH:0
FNDA:0,(anonymous_0)
FNDA:0,(anonymous_1)
DA:1,0
DA:2,0
DA:3,0
DA:4,0
DA:7,0
DA:10,0
DA:11,0
DA:14,0
DA:16,0
DA:17,0
LF:10
LH:0
BRDA:14,0,0,0
BRDA:14,0,1,0
BRF:2
BRH:0
end_of_record
